20230723	15:05:24	69c303b9-331f-40f3-81d0-294853f3da63	GET	/dii	undefined
20230723	15:05:27	037bc26b-c862-4f24-8385-75ae1d1703dc	GET	/dii	undefined
20230723	15:05:34	cb576b16-eb7d-42d2-9ae8-1d3d79f57433	GET	/	undefined
20230723	15:05:45	5801078a-91ec-47d1-9b70-8d19981d9d89	GET	/api/v1/g	undefined
20230723	15:07:46	7841ddce-72aa-411c-b43d-844160bec4b5	GET	/api/v1/g	undefined
20230723	15:07:51	6b283e0e-c204-4cce-bba6-d34559203bb4	GET	/	undefined
20230723	15:07:56	32af311b-eb18-4fda-af61-e38c3f8cf395	GET	/t	undefined
20230723	15:11:13	3f63b3b9-7c63-4a16-8fb6-4de71eb33047	GET	/t	undefined
20230723	15:11:18	715f781b-93f9-4fd4-8e53-0172b2d7f8e0	GET	/	undefined
20230723	15:11:18	731016b2-af9f-4381-9c66-09b6ddf2334a	GET	/css/style.css	undefined
20230723	15:12:18	e53f4c42-3a6b-4c2c-9ef8-dca3d2ec3434	GET	/	undefined
20230723	15:12:18	2616e5c3-caf4-4521-a6c3-3860b836fe88	GET	/css/style.css	undefined
20230723	15:13:07	07035e37-12e1-4cc3-96d9-ee4084560b34	GET	/	undefined
20230723	15:13:07	0c167f9c-4fc9-479b-a213-d9837bde4f5f	GET	/css/style.css	undefined
20230723	15:13:23	14d3661c-8727-4a35-888d-bf1698f78bad	GET	/	undefined
20230723	15:13:23	2e14db75-7d81-4dcc-8d18-dca8408ca7b2	GET	/css/style.css	undefined
20230723	15:13:46	a9f0eac5-d651-4f3b-8412-a62ca0f7c220	GET	/	undefined
20230723	15:13:46	4e6cc3e2-a6d7-4c4b-b598-18f845f21d77	GET	/css/style.css	undefined
20230723	15:13:54	e0ce7fdd-489a-41c7-9031-5a60749bc49e	GET	/2	undefined
20230723	15:16:09	07010000-d357-4f72-8a03-68387189db46	GET	/2	undefined
20230723	15:16:10	84d0da55-1de7-4e82-b676-59f10d24dca7	GET	/css/style.css	undefined
20230723	15:16:30	9f039555-9519-4533-bffd-bae2a4c46db8	GET	/api/v1/,e	undefined
20230723	15:16:30	06787da8-b16d-433a-9d63-ef185b3ef723	GET	/api/v1/css/style.css	undefined
20230723	15:16:38	f75c959c-fc1c-4eff-910e-7129a44dc07e	GET	/api/v1/	undefined
20230723	15:16:38	4e1a3d57-4e74-4491-9ded-63c8a624cc06	GET	/api/v1/css/style.css	undefined
20230723	15:16:48	a03cbaea-0ce3-4a7f-9397-e77f215b1432	GET	/api/v1	undefined
20230723	15:16:48	737b42ba-efeb-43a3-8cf9-3d3b11ff6831	GET	/api/css/style.css	undefined
20230723	15:16:54	9d2d459e-1704-4154-960b-84f938b58284	GET	/	undefined
20230723	15:16:54	6b2f2e4b-02c2-4925-b5b7-6f8be3a6a4a6	GET	/css/style.css	undefined
20230723	15:17:00	1148e6b1-8ae2-4552-a182-c0860f39c9cc	GET	/9	undefined
20230723	15:17:00	161f6e99-3416-4a44-acd4-71708f881c79	GET	/css/style.css	undefined
20230723	15:17:09	52b76374-41f6-406a-942d-3bc7289b1de4	GET	/api	undefined
20230723	15:17:09	ef5cdee1-b5ba-4f89-b566-5a98030d4249	GET	/css/style.css	undefined
20230723	15:17:14	ba049136-06c9-4d6a-855c-ec9989f31292	GET	/api/vi	undefined
20230723	15:17:14	d3092427-aab9-4652-99f5-ee0ce5a8ec2f	GET	/api/css/style.css	undefined
20230723	16:27:01	4d9ce3d3-adbd-46f9-ac28-2097990f7856	GET	/api/v1/quiz?	undefined
20230723	16:30:11	6f9198f2-13a4-4d26-bd04-c2dda3ac9527	GET	/api/v1/quiz?	undefined
20230723	16:32:24	4dec89ca-d302-408f-9f6e-46d46dfbee84	GET	/api/v1/quiz?	undefined
20230723	16:33:42	d8ed1659-440f-4037-bb62-cebc5f42ffe9	GET	/api/v1/quiz?	undefined
20230724	14:48:44	083a0123-7457-44f5-bac1-eae6db08685e	GET	/api/v1/quiz	http://localhost:3000
20230724	14:48:44	2614fa26-890f-4809-b916-77ba3d8391bc	GET	/api/v1/quiz	http://localhost:3000
20230724	14:50:03	139e2bfa-6ef5-4519-9e54-1e7cc7962079	GET	/api/v1/quiz?/quiz	http://localhost:3000
20230724	14:50:03	2ada773e-1c0c-4357-b794-60e1a8946014	GET	/api/v1/quiz?/quiz	http://localhost:3000
20230724	14:50:07	56c2ba03-13f7-4c0f-8fd2-b275445ee66b	GET	/api/v1/quiz	http://localhost:3000
20230724	14:50:07	e2067b99-36d3-46f8-8e5b-d5cd5dc72f50	GET	/api/v1/quiz	http://localhost:3000
20230724	14:50:10	ccce7f7c-dfe8-4c5a-9ab4-69bf027dbe35	GET	/api/v1/quiz	http://localhost:3000
20230724	14:50:10	5f8dee9c-7796-4718-ad3c-bb43862b9d60	GET	/api/v1/quiz	http://localhost:3000
20230724	14:50:50	f6a5d546-c8a4-4c7b-b18b-99d7b434d6b2	GET	/api/v1/quiz	http://localhost:3000
20230724	14:50:50	fa5e9add-6a13-4555-8cc4-2ee119ef90e6	GET	/api/v1/quiz	http://localhost:3000
20230724	14:58:14	6d6bb2c9-1cee-4e0c-924f-ad647b2eb6d7	GET	/api/v1/quiz	http://localhost:3000
20230724	14:58:14	64cca36d-f07a-4756-8ba8-484688ac2b9f	GET	/api/v1/quiz	http://localhost:3000
20230724	14:58:22	7dbacd2e-00f5-4998-b482-91d44eadf061	GET	/api/v1/quiz	http://localhost:3000
20230724	14:58:22	cfd3da60-6567-45fa-83aa-fd3a7308e173	GET	/api/v1/quiz	http://localhost:3000
20230724	15:01:54	d439a319-a9f8-4344-8c52-c71ff4652d0d	GET	/api/v1/quiz	http://localhost:3000
20230724	15:02:53	a786e867-f2c3-4719-96a7-b8f266d348a1	GET	/api/v1/quiz	http://localhost:3000
20230724	15:03:33	cd21706d-7fba-45cb-8260-24cdfec05c4b	GET	/api/v1/quiz	http://localhost:3000
20230724	15:03:38	192e7f1f-87f9-42bd-9e3f-f2de456f06d0	GET	/api/v1/quiz	http://localhost:3000
20230724	15:03:39	58138a13-9a75-44ba-8262-a6d83467d821	GET	/api/v1/quiz	http://localhost:3000
20230724	15:03:41	e0e04bb4-644e-4e7d-8b22-3cc7588a05ee	GET	/api/v1/quiz	http://localhost:3000
20230724	15:03:41	c735f8f3-89e2-4262-ab1d-c11d9cdccfdd	GET	/api/v1/quiz	http://localhost:3000
20230724	15:11:47	ed7303b4-dc05-4588-924a-df226f41139c	GET	/api/v1/quiz	http://localhost:3000
20230724	15:11:47	231fabea-1703-423a-8b23-ac4542603100	GET	/api/v1/quiz	http://localhost:3000
20230724	15:11:58	d4e60e67-249f-4472-8974-1ad928565b1b	GET	/api/v1/quiz	http://localhost:3000
20230724	15:11:58	91345fb6-bd43-4b1f-9db5-d3c455156f2a	GET	/api/v1/quiz	http://localhost:3000
20230724	15:16:46	03e6f42d-9514-4cae-bcaa-3e01d3171d29	GET	/api/v1/quiz	http://localhost:3000
20230724	15:16:46	89e9a5a7-bec2-47da-a267-70be15fa65ef	GET	/api/v1/quiz	http://localhost:3000
20230724	15:17:00	3d030eb0-356d-4444-8b4c-014d5b55dba3	GET	/api/v1/quiz	http://localhost:3000
20230724	15:17:00	d1bd6d78-1651-4665-8c4f-7e7a1dcd38e8	GET	/api/v1/quiz	http://localhost:3000
20230724	15:19:58	f6d74d40-606b-42ad-94cb-bef66c2e8f97	GET	/api/v1/quiz	http://localhost:3000
20230724	15:19:58	6fb9c7bd-2059-4846-9972-2cface461347	GET	/api/v1/quiz	http://localhost:3000
20230724	15:20:14	631440d7-284c-443a-8547-94a2e3cd7c7c	GET	/api/v1/quiz	http://localhost:3000
20230724	15:20:14	330b87ed-1e74-4f73-b762-14ad158dac1f	GET	/api/v1/quiz	http://localhost:3000
20230724	15:23:41	e988ab61-2bcc-49dd-a4b0-28e6f947970e	GET	/api/v1/quiz	http://localhost:3000
20230724	15:23:41	47220d26-d60f-4506-b528-5287c8d9b80c	GET	/api/v1/quiz	http://localhost:3000
20230724	15:24:18	4d89cdd6-fa61-431b-81f8-d99f0894b1ea	GET	/api/v1/quiz	http://localhost:3000
20230724	15:24:18	4d7565db-ef7e-4cb6-b1be-b01b70ccd37e	GET	/api/v1/quiz	http://localhost:3000
20230724	15:25:30	7af373aa-bf4a-4ea8-9eac-d5cb431c3017	GET	/api/v1/quiz	http://localhost:3000
20230724	15:25:30	4e1444f2-ba52-4d9c-9bb2-119482ab66fc	GET	/api/v1/quiz	http://localhost:3000
20230724	15:34:26	3ba26e20-74c2-4baf-bb2a-49f6daa1e3c4	GET	/api/v1/quiz	http://localhost:3000
20230724	15:34:26	ebf524f6-57bf-484d-bd0c-f532481ab576	GET	/api/v1/quiz	http://localhost:3000
20230724	15:34:30	8eb6bd1e-a813-4557-b669-a7f51941e8e5	GET	/api/v1/quiz	http://localhost:3000
20230724	15:34:30	2e476600-c922-4e28-a647-a28f8830fb8a	GET	/api/v1/quiz	http://localhost:3000
20230724	15:38:46	4d145444-6df4-480c-8dcf-dd6c33d9def2	GET	/api/v1/quiz	http://localhost:3000
20230724	15:39:11	de6fad45-145f-41b8-9219-ab990f1610f6	GET	/api/v1/quiz	http://localhost:3000
20230724	15:39:11	e459f380-ee4f-42e7-9b40-0ef2f8d02e39	GET	/api/v1/quiz	http://localhost:3000
20230724	15:41:01	5fda0425-da73-4b5c-ade1-3f33de58afbc	GET	/api/v1/quiz	http://localhost:3000
20230724	15:41:02	fec6a5c9-3e5e-435e-a197-45162c860417	GET	/api/v1/quiz	http://localhost:3000
20230724	15:44:07	74955dde-13a8-4d55-b705-0a3054083d23	GET	/api/v1/quiz	http://localhost:3000
20230724	15:44:07	da12b7f1-ed84-418e-8a28-9df0cde485e3	GET	/api/v1/quiz	http://localhost:3000
20230724	15:44:25	45b2cde5-ac77-4857-b7a6-0e499729b5ed	GET	/api/v1/quiz	http://localhost:3000
20230724	15:44:25	37c5a488-b49e-431b-ae98-273eeeecd590	GET	/api/v1/quiz	http://localhost:3000
20230724	15:47:25	b6a1f2bb-535c-4ad8-9c24-0ea15580e480	GET	/api/v1/quiz	http://localhost:3000
20230724	15:47:25	6a2f7766-9bdc-4310-9273-3c6787c7f823	GET	/api/v1/quiz	http://localhost:3000
20230724	15:47:29	42eaf168-2fe7-498c-9b7c-4bb45859ab01	GET	/api/v1/quiz	http://localhost:3000
20230724	15:47:29	875f2e62-a04c-41e6-9104-bb159fc86922	GET	/api/v1/quiz	http://localhost:3000
20230724	15:49:28	63d3fcdf-d719-4857-84b7-254a032f20bd	GET	/api/v1/quiz	http://localhost:3000
20230724	15:49:28	9ad1a169-e72c-4497-a0a3-d31b4f6c7bc8	GET	/api/v1/quiz	http://localhost:3000
20230724	15:49:42	365ce2d9-9241-4a27-b364-54d56ac328ee	GET	/api/v1/quiz	http://localhost:3000
20230724	15:49:42	d15749a4-868f-4533-a689-cf54f3c3e05d	GET	/api/v1/quiz	http://localhost:3000
20230724	15:51:49	9e1d39ea-1225-4d86-8a81-fefc89efbc9b	GET	/api/v1/quiz	http://localhost:3000
20230724	15:51:49	718e060a-448a-45fc-a027-e1dc8a843c2e	GET	/api/v1/quiz	http://localhost:3000
20230724	15:51:52	32974152-8c81-43fd-85c1-0767c30f114c	GET	/api/v1/quiz	http://localhost:3000
20230724	15:51:53	00a06838-dd3a-4650-b35c-fef957cd971c	GET	/api/v1/quiz	http://localhost:3000
20230724	15:54:22	af50ce70-1b61-403b-8669-b85f602df28d	GET	/api/v1/quiz	http://localhost:3000
20230724	15:54:22	2db1a747-27ef-4a8e-9d55-f29ad1f8f86f	GET	/api/v1/quiz	http://localhost:3000
20230724	15:54:25	769e78bd-a0f9-405c-93eb-1dcc2e54f178	GET	/api/v1/quiz	http://localhost:3000
20230724	15:54:25	7e1db862-d29e-4c69-86d1-8cdd337f9e48	GET	/api/v1/quiz	http://localhost:3000
20230724	17:01:59	4185b0b2-65af-44e3-a5ba-7e7780a392ab	GET	/api/v1/quiz	http://localhost:3000
20230724	17:09:39	217e6404-81e4-4e9e-88b7-eb5959815428	GET	/api/v1/quiz	http://localhost:3000
20230724	17:09:39	a39e3e94-b6f3-428e-b52f-224643cb0aa5	GET	/api/v1/quiz	http://localhost:3000
20230724	17:09:53	5d7895f1-ccd6-4272-b152-e0ca433c12dc	GET	/api/v1/quiz	http://localhost:3000
20230724	17:09:54	14805843-a0d8-430d-b1b6-7a7226c046f6	GET	/api/v1/quiz	http://localhost:3000
20230724	17:14:44	52757f8e-9b2c-43e9-901d-f6a99f69b432	GET	/api/v1/quiz	http://localhost:3000
20230724	17:14:44	5f5a1636-f6bc-4a91-b607-157ce35245f0	GET	/api/v1/quiz	http://localhost:3000
20230724	17:18:22	b1af486c-82b7-41c0-bb75-579844291d92	GET	/api/v1/quiz	http://localhost:3000
20230724	17:18:22	b04eea82-4638-4084-ba96-e5a2e7c32e8a	GET	/api/v1/quiz	http://localhost:3000
20230724	17:18:37	9492da62-6886-4347-9350-1013df6f6106	GET	/api/v1/quiz	http://localhost:3000
20230724	17:18:37	5880dc92-fccd-4b29-827d-cecd1fae8e3f	GET	/api/v1/quiz	http://localhost:3000
20230724	17:18:51	7d30a0ae-8bb8-4e1a-bedf-e86fbff03ca3	GET	/api/v1/quiz	http://localhost:3000
20230724	17:18:52	23fed45d-bc0d-496f-925f-10ce0d79e1a1	GET	/api/v1/quiz	http://localhost:3000
20230724	17:19:50	4f0b04d7-76ce-45b1-9a57-f7b5a0656d86	GET	/api/v1/quiz	http://localhost:3000
20230724	17:19:50	c3a312d8-748c-4d63-a47b-7c083033b635	GET	/api/v1/quiz	http://localhost:3000
20230724	17:20:49	164da279-d9d3-47b0-8dd6-f95913984773	GET	/api/v1/quiz	http://localhost:3000
20230724	17:20:49	b367a876-d496-4d2d-8c26-9ccb3187be1f	GET	/api/v1/quiz	http://localhost:3000
20230724	17:20:54	4c563f93-ebfa-44d3-852a-07c0c98d4f96	GET	/api/v1/quiz	http://localhost:3000
20230724	17:20:55	b2c58acf-1dc9-4c45-8c68-2943f3bf3693	GET	/api/v1/quiz	http://localhost:3000
20230724	17:24:33	f5b79015-8837-483e-98cd-14f81df3e6b0	GET	/api/v1/quiz	http://localhost:3000
20230724	17:24:33	04e9aefe-3f73-4311-a0b7-ecef686a14f2	GET	/api/v1/quiz	http://localhost:3000
20230724	17:26:10	3a94a3e0-c3fa-4054-a9e5-cc04755035ad	GET	/api/v1/quiz	http://localhost:3000
20230724	17:26:32	78e14e36-4704-48c7-8bf8-fce278003d14	GET	/api/v1/quiz	http://localhost:3000
20230724	17:26:32	502aef34-60a5-4c80-b1a1-610e77ea6f5d	GET	/api/v1/quiz	http://localhost:3000
20230724	17:27:39	92acc4ec-32c7-4205-a01f-75415e68db3b	GET	/api/v1/quiz	http://localhost:3000
20230724	17:27:40	56a56da9-ab56-4e6c-8b8d-492282d75273	GET	/api/v1/quiz	http://localhost:3000
20230724	17:27:43	2b8e6c4d-55a2-4c21-93fb-beee464fcc74	GET	/api/v1/quiz	http://localhost:3000
20230724	17:27:43	061add74-39b1-4b31-a27f-2aab17b8d45d	GET	/api/v1/quiz	http://localhost:3000
20230724	17:28:00	2de9cf1c-7c12-4bdc-99ee-db851861003f	GET	/api/v1/quiz	http://localhost:3000
20230724	17:28:01	f2e41cdc-6b23-48e6-adaf-86a9b08d1951	GET	/api/v1/quiz	http://localhost:3000
20230724	17:29:19	e97ab774-adda-496e-b5ff-bc80cadf0dcd	GET	/api/v1/quiz	http://localhost:3000
20230724	17:29:19	d8390911-14ab-46f8-90f6-4a6cef952200	GET	/api/v1/quiz	http://localhost:3000
20230724	17:33:08	bcdbd55b-5eeb-4483-80da-1af2cf0cac05	GET	/api/v1/quiz	http://localhost:3000
20230724	17:33:08	f8ae910c-231b-42af-89dc-2a52b049148f	GET	/api/v1/quiz	http://localhost:3000
20230724	17:34:23	1e868f4c-15f1-475d-a5c6-eb1b820363b7	GET	/api/v1/quiz	http://localhost:3000
20230724	17:34:23	d7199209-89fd-4c3c-9be3-e003e7ecc3a8	GET	/api/v1/quiz	http://localhost:3000
20230724	17:38:13	f61de97f-82f7-408a-a00e-2a718f6fee60	GET	/api/v1/quiz	http://localhost:3000
20230724	17:38:13	69335028-47ae-4a9f-95e5-5ad417936cbc	GET	/api/v1/quiz	http://localhost:3000
20230724	17:38:15	0463e879-a876-4cc8-805d-3ec5ee332365	GET	/api/v1/quiz	http://localhost:3000
20230724	17:38:15	a7d01c23-e706-4b42-9905-5e469b2faa94	GET	/api/v1/quiz	http://localhost:3000
20230724	17:38:21	089014cf-deca-4a9a-b7a8-483a2864fb50	GET	/api/v1/quiz	http://localhost:3000
20230724	17:38:21	5612d930-54de-4e0a-bbdd-341159624583	GET	/api/v1/quiz	http://localhost:3000
20230724	17:39:53	73535a6e-3750-4581-aca9-e8001674ca83	GET	/api/v1/quiz	http://localhost:3000
20230724	17:39:53	f45bce2d-df6d-4b29-96a8-230376e95347	GET	/api/v1/quiz	http://localhost:3000
20230724	17:41:01	a750afca-6daa-4c01-8ac4-23944aa95c6d	GET	/api/v1/quiz	http://localhost:3000
20230724	17:41:01	d691fe74-bdce-4554-af0d-72fff406df4b	GET	/api/v1/quiz	http://localhost:3000
20230724	17:41:02	b1ceb923-4e66-4f19-ac0a-a1d63b5e4c4a	GET	/api/v1/quiz	http://localhost:3000
20230724	17:41:02	d8ce3528-daaf-43c5-872a-78eb46576173	GET	/api/v1/quiz	http://localhost:3000
20230724	17:41:12	753e4f22-1de6-4374-946a-896634cf9303	GET	/api/v1/quiz	http://localhost:3000
20230724	17:41:21	32fc2a8e-ed14-453a-be69-7f654728ef83	GET	/api/v1/quiz	http://localhost:3000
20230724	17:41:21	73227161-1711-4ca9-afbc-b4c6b9c3740d	GET	/api/v1/quiz	http://localhost:3000
20230724	17:43:56	2b805da9-62ba-427b-b8b9-017a599270f9	GET	/api/v1/quiz	http://localhost:3000
20230724	17:43:56	6aa430ec-e4ed-4b09-b587-a84d260bd6f0	GET	/api/v1/quiz	http://localhost:3000
20230724	17:44:13	86d13fd3-037f-4fac-ba8d-e7cd85205de1	GET	/api/v1/quiz	http://localhost:3000
20230724	17:44:13	225b661e-c527-446e-ac01-a6b1bde74266	GET	/api/v1/quiz	http://localhost:3000
20230724	17:44:20	d98f8219-d690-4261-8da3-299b34fcc3fe	GET	/api/v1/quiz	http://localhost:3000
20230724	17:44:20	b4eaf0b7-0c5e-474e-b0d2-ddb2fb556ee5	GET	/api/v1/quiz	http://localhost:3000
20230724	17:45:20	92ef8aa6-7f73-4d18-b387-8ca9d202c723	GET	/api/v1/quiz	http://localhost:3000
20230724	17:45:21	864e92f4-be45-48bd-8145-de370df6dc7c	GET	/api/v1/quiz	http://localhost:3000
20230724	17:45:23	a6284b29-7e6f-4db1-ae37-933d067f6445	GET	/api/v1/quiz	http://localhost:3000
20230724	17:45:25	c40779b5-624c-41b8-b6df-6284bba4b636	GET	/api/v1/quiz	http://localhost:3000
20230724	17:45:26	05884241-75a0-4dcd-b560-8bfb0f552739	GET	/api/v1/quiz	http://localhost:3000
20230724	17:45:32	13d44d47-c8c1-46d1-95ca-a7df15a5ceea	GET	/api/v1/quiz	http://localhost:3000
20230724	17:45:32	1aa5b9dd-1abb-466a-acfe-308b5a29f03a	GET	/api/v1/quiz	http://localhost:3000
20230724	17:45:49	c5ad725a-55bf-44cb-b5d1-267337ff75be	GET	/api/v1/quiz	http://localhost:3000
20230724	17:45:49	c4e5dece-801e-422b-9689-bc1a2d30e7a6	GET	/api/v1/quiz	http://localhost:3000
20230724	17:47:15	02e19fbb-0d88-41d3-822f-d58eacca4d29	GET	/api/v1/quiz	http://localhost:3000
20230724	17:47:15	907a2033-3060-4663-9cc6-75b050657366	GET	/api/v1/quiz	http://localhost:3000
20230724	17:47:26	4c970a0d-e5d3-47d0-b750-bcc4d46fde10	GET	/api/v1/quiz	http://localhost:3000
20230724	17:47:29	91442731-fe58-4c76-a0c3-fa29dae0e9ba	GET	/api/v1/quiz	http://localhost:3000
20230724	17:47:30	2218a036-459a-4be3-8bd3-a29eaeb19113	GET	/api/v1/quiz	http://localhost:3000
20230724	17:49:40	8e395a4d-757a-458f-9367-896162fb51eb	GET	/api/v1/quiz	http://localhost:3000
20230724	17:49:52	67f715e8-8498-41c0-9197-9e81b4595b2c	GET	/api/v1/quiz	http://localhost:3000
20230724	17:49:58	5924464b-a1b1-4d38-8135-f630bdc13c2b	GET	/api/v1/quiz	http://localhost:3000
20230724	17:49:59	e7ccdef3-b11d-4adb-b7b9-36a9c877206f	GET	/api/v1/quiz	http://localhost:3000
20230724	17:50:02	a48fe913-9448-4eb4-b9ce-3fce7efb900a	GET	/api/v1/quiz	http://localhost:3000
20230724	17:50:02	7b85a622-4a80-4dfa-971f-c8ed79bd12fa	GET	/api/v1/quiz	http://localhost:3000
20230724	17:50:05	f35f2775-bed1-46eb-9d8f-42152f27f5d5	GET	/api/v1/quiz	http://localhost:3000
20230724	17:50:05	0d7b2300-fd5e-4703-8c54-35c2a407e1aa	GET	/api/v1/quiz	http://localhost:3000
20230724	17:51:49	82d43a1d-23e3-49e5-8c18-a3a063642418	GET	/api/v1/quiz	http://localhost:3000
20230724	17:51:49	a7837383-b907-46e9-b3bb-1593fb7d1469	GET	/api/v1/quiz	http://localhost:3000
20230724	17:51:57	5d284a80-5d8b-4c0b-9509-2ff451ece68c	GET	/api/v1/quiz	http://localhost:3000
20230724	17:52:01	2bbfcb5f-c243-4792-b04b-81a338656be4	GET	/api/v1/quiz	http://localhost:3000
20230724	17:52:02	01337310-8775-45f8-b343-0bfdad1b2ba5	GET	/api/v1/quiz	http://localhost:3000
20230724	17:55:56	8c6e22ea-d685-4c0a-b655-4128c1d9fb06	GET	/api/v1/quiz	http://localhost:3000
20230724	17:56:01	a7e82cfb-147f-4ae2-8de2-b6a3bcc20d21	GET	/api/v1/quiz	http://localhost:3000
20230724	17:56:05	f1183ca1-08f1-47df-a932-f8bc5427a8de	GET	/api/v1/quiz	http://localhost:3000
20230724	17:56:06	33748cd8-6160-4228-bd20-b87c48c44118	GET	/api/v1/quiz	http://localhost:3000
20230724	17:56:30	3ad26ab1-8b0e-4eb6-b9e6-33f28abc9e08	GET	/api/v1/quiz	http://localhost:3000
20230724	17:56:31	17f1d11d-fb08-479a-b67d-4c394aa3b1ec	GET	/api/v1/quiz	http://localhost:3000
20230724	17:57:43	650805e7-a46e-467a-b698-5acff2fa6366	GET	/api/v1/quiz	http://localhost:3000
20230724	17:57:43	fd8919f9-64f7-4afa-a1c2-9ccf9a4e87ec	GET	/api/v1/quiz	http://localhost:3000
20230724	17:59:01	91b3f265-ab1c-4dcd-9bf3-011b365946f3	GET	/api/v1/quiz	http://localhost:3000
20230724	17:59:01	aa95b10d-bed3-453c-be4f-c6aa92e10ae8	GET	/api/v1/quiz	http://localhost:3000
20230724	18:00:19	c6b7de8a-a364-4aed-8c86-538566160cf3	GET	/api/v1/quiz	http://localhost:3000
20230724	18:00:23	1e74f841-5208-45ad-9aeb-e232a84cb446	GET	/api/v1/quiz	http://localhost:3000
20230724	18:00:23	6b215f77-f997-49d7-9d94-02f0006e0710	GET	/api/v1/quiz	http://localhost:3000
20230724	18:01:56	94409c89-9582-41ad-beca-6574650cabe5	GET	/api/v1/quiz	http://localhost:3000
20230724	18:02:20	fa2139ff-4973-48bd-ad78-161824c1c4db	GET	/api/v1/quiz	http://localhost:3000
20230724	18:02:23	5bec9bb0-2738-440f-b036-062d63b595a9	GET	/api/v1/quiz	http://localhost:3000
20230724	18:02:24	68cf9764-8426-45af-9f35-4ec25f55f25d	GET	/api/v1/quiz	http://localhost:3000
20230724	18:03:56	f9dfa3ce-f51d-4038-9ed6-8242e45e9af9	GET	/api/v1/quiz	http://localhost:3000
20230724	18:03:57	6fd1818d-692b-4237-9700-9afa51cde688	GET	/api/v1/quiz	http://localhost:3000
20230724	18:04:18	27daa5a2-48a1-4488-9242-6060ce3422f2	GET	/api/v1/quiz	http://localhost:3000
20230724	18:04:19	9f6e980f-0902-4ae9-a024-4a0ee1c1afb2	GET	/api/v1/quiz	http://localhost:3000
20230724	18:07:17	c55d3b33-de90-416a-9c23-70fb32569b89	GET	/api/v1/quiz	http://localhost:3000
20230724	18:07:31	746b1351-e7bd-4831-9fc8-65768cd9d860	GET	/api/v1/quiz	http://localhost:3000
20230724	18:15:53	464d0413-5af7-4d19-bf0a-a5b5fb22b1d6	GET	/api/v1/quiz	http://localhost:3000
20230724	18:15:53	d30abed6-bdbb-4bd0-b85c-6445f0fbaa40	GET	/api/v1/quiz	http://localhost:3000
20230724	18:16:24	faef76b6-863b-43f7-a295-59f2bd4b6591	GET	/api/v1/quiz	http://localhost:3000
20230724	18:16:25	1ded3b03-bdf9-4983-8642-f4b2c2f79eb1	GET	/api/v1/quiz	http://localhost:3000
20230724	18:21:43	58fe1b37-d693-4666-90e3-2d0dd8009544	GET	/api/v1/quiz	http://localhost:3000
20230724	18:21:46	e23eec1d-b78b-4226-81d9-6f6224b056e3	GET	/api/v1/quiz	http://localhost:3000
20230724	18:23:46	8e953010-dd2b-4391-9350-f7c2795d1f6e	GET	/api/v1/quiz	http://localhost:3000
20230724	18:23:53	8778e19e-8e04-488a-bb44-8d8c090f8c2e	GET	/api/v1/quiz	http://localhost:3000
20230724	18:23:53	73579929-aedd-4b53-8a9f-d22fded75bb3	GET	/api/v1/quiz	http://localhost:3000
20230724	18:26:17	b4812701-dc99-4c7c-a6c4-7b6c9aefbe4e	GET	/api/v1/quiz	http://localhost:3000
20230724	18:26:20	bd9228c1-81ef-4ab3-bf4f-383f83f1a548	GET	/api/v1/quiz	http://localhost:3000
20230724	18:26:21	8c9c4296-e400-4748-a656-909bcac532f3	GET	/api/v1/quiz	http://localhost:3000
20230724	18:26:57	4aad2d25-4c27-4ba5-b540-3253ec9a5d5a	GET	/api/v1/quiz	http://localhost:3000
20230724	18:26:57	c215032d-279b-4a55-954c-b74347ab9500	GET	/api/v1/quiz	http://localhost:3000
20230724	18:29:22	a8f3c943-146e-4fb4-8321-313f8dd19d01	GET	/api/v1/quiz	http://localhost:3000
20230724	18:29:30	f040ada5-4fff-4926-9a7e-c9aa64d8b979	GET	/api/v1/quiz	http://localhost:3000
20230724	18:29:30	6bb984ee-f099-48b1-aa52-9399a4cf36e1	GET	/api/v1/quiz	http://localhost:3000
20230724	18:36:17	91eb8b37-790f-4929-96f4-3a8c77d85c95	GET	/api/v1/quiz	http://localhost:3000
20230724	18:36:19	7d7c6bde-75d8-4492-82a0-8fef027e1ffe	GET	/api/v1/quiz	http://localhost:3000
20230724	18:36:37	eb7edb78-2383-40de-ac1c-509b4e4540e6	GET	/api/v1/quiz	http://localhost:3000
20230724	18:36:37	c5b84b14-4d02-43be-bba2-b322fdc765c3	GET	/api/v1/quiz	http://localhost:3000
20230724	18:39:13	1d441ed7-b4da-40e9-90df-ff990d759f5f	GET	/api/v1/quiz	http://localhost:3000
20230724	18:39:13	be3677b8-0995-4998-8f57-5a9e1a5cca67	GET	/api/v1/quiz	http://localhost:3000
20230724	18:39:21	cf99be12-bf51-4c3f-b28e-331a479a9cb8	GET	/api/v1/quiz	http://localhost:3000
20230724	18:39:21	98ad93f4-327f-4bb6-bfdb-03409739ee69	GET	/api/v1/quiz	http://localhost:3000
20230724	18:39:28	9bb8cac7-0e7f-43ef-9334-da977cce1f75	GET	/api/v1/quiz	http://localhost:3000
20230724	18:39:29	8f08d3ca-6ae3-4acb-b8e6-d248a02a59ee	GET	/api/v1/quiz	http://localhost:3000
20230724	18:41:25	49233668-2499-411f-8f0f-96a81a7835e3	GET	/api/v1/quiz	http://localhost:3000
20230724	18:41:25	1be6cac0-e0b9-46b1-a319-71f65a7f90fb	GET	/api/v1/quiz	http://localhost:3000
20230724	18:46:58	f43a47cb-b118-4366-ba1f-922e356ee7ad	GET	/api/v1/quiz	http://localhost:3000
20230724	18:47:13	8059aa4b-4f2b-43fc-a518-bae77f09470e	GET	/api/v1/quiz	http://localhost:3000
20230724	18:47:13	49369b78-cca9-4956-b153-5642f61e8cc3	GET	/api/v1/quiz	http://localhost:3000
20230724	18:48:37	530ba5a0-f515-479a-9198-8bc940dd0cb4	GET	/api/v1/quiz	http://localhost:3000
20230724	18:48:37	6a8a40b9-aeab-40c2-a213-787847402522	GET	/api/v1/quiz	http://localhost:3000
20230724	18:52:26	57212dc5-763e-4c8f-9bb3-3bd4f0b4c92a	GET	/api/v1/quiz	http://localhost:3000
20230724	18:55:48	ef7fe07c-857d-4443-9d8d-29a797e9a62d	GET	/api/v1/quiz	http://localhost:3000
20230724	18:55:48	e884246a-10dc-42f6-a115-3017e25b6a1b	GET	/api/v1/quiz	http://localhost:3000
20230724	18:56:01	53eaac2d-f71f-4a43-9ec8-61066494696e	GET	/api/v1/quiz	http://localhost:3000
20230724	18:56:02	eb0e14f5-02a1-4134-b59a-46959237a32d	GET	/api/v1/quiz	http://localhost:3000
20230724	18:56:22	687e54cc-2dce-4fae-9604-940b2ae6b577	GET	/api/v1/quiz	http://localhost:3000
20230724	18:56:22	219c7303-97ad-451b-abd4-e0d5ea22a395	GET	/api/v1/quiz	http://localhost:3000
20230724	18:59:12	a6e4ab85-2da4-4c0a-a00a-e2d89c740470	GET	/api/v1/quiz	http://localhost:3000
20230724	18:59:17	89ea33c7-b94a-443f-8be3-c9ca3611cdf4	GET	/api/v1/quiz	http://localhost:3000
20230724	18:59:18	1a6f4464-ba0e-474c-b54c-b207661d2d14	GET	/api/v1/quiz	http://localhost:3000
20230724	19:01:34	44005c00-ab12-4729-bdf9-915fa16ef0ca	GET	/api/v1/quiz	http://localhost:3000
20230724	19:02:48	444efc55-85bf-454e-9b8f-4e8cad40660a	GET	/api/v1/quiz	http://localhost:3000
20230724	19:02:54	34da081d-2837-4b59-b465-ff928a6dfdc1	GET	/api/v1/quiz	http://localhost:3000
20230724	19:02:55	a9f1b46f-34a1-4994-8048-48844f038bf4	GET	/api/v1/quiz	http://localhost:3000
20230724	19:05:18	2c91d198-9378-467a-94d8-ace72f5afc60	GET	/api/v1/quiz	http://localhost:3000
20230724	19:07:11	7c8be535-9be4-4537-a1a6-d05a8e0e5edd	GET	/api/v1/quiz	http://localhost:3000
20230724	19:07:11	fbd1bddf-d94e-49d8-8846-d17db467026e	GET	/api/v1/quiz	http://localhost:3000
20230724	19:09:20	d780b2f8-a246-4722-983e-350c2dbc9a09	GET	/api/v1/quiz	http://localhost:3000
20230724	19:09:20	d0e8bb2a-140c-479a-9358-a53af0b6416e	GET	/api/v1/quiz	http://localhost:3000
20230724	19:12:37	fd01dd79-2d94-40d0-95d1-39dcb02480e6	GET	/api/v1/quiz	http://localhost:3000
20230724	19:12:41	1256378c-c3a2-45ec-a775-fd65ce353c66	GET	/api/v1/quiz	http://localhost:3000
20230724	19:12:42	6291b9c8-0e49-479a-acb6-8bcbca65888a	GET	/api/v1/quiz	http://localhost:3000
20230724	19:13:48	e48ab186-9143-4c6f-8fa1-c6202957c50b	GET	/api/v1/quiz	http://localhost:3000
20230724	19:16:19	382641a6-b8b3-4f13-b20b-a4a6b64934f0	GET	/api/v1/quiz	http://localhost:3000
20230724	19:16:19	601229ea-6aa8-4926-87a0-b59ca22f38f3	GET	/api/v1/quiz	http://localhost:3000
20230724	19:16:24	5a9c9ad5-4cb7-4ae0-8b5f-8c31ae2c9041	GET	/api/v1/quiz	http://localhost:3000
20230724	19:16:25	7a735398-8304-4dfc-b809-ac3624b010cc	GET	/api/v1/quiz	http://localhost:3000
20230724	19:17:48	a6e2165e-3ed6-4d31-b9bd-fcdbbd1c87d4	GET	/api/v1/quiz	http://localhost:3000
20230724	19:17:51	89da5363-81cb-4188-9f4a-d8a7d3a7ec8f	GET	/api/v1/quiz	http://localhost:3000
20230724	19:17:51	67c9518c-eff8-4e95-aa11-d7bfd4918415	GET	/api/v1/quiz	http://localhost:3000
20230724	19:19:19	1032f065-af7b-43e7-8fd6-9cf460796614	GET	/api/v1/quiz	http://localhost:3000
20230724	19:19:23	86796958-c192-4edd-baaa-f6a553850cbd	GET	/api/v1/quiz	http://localhost:3000
20230724	19:19:24	74afc92b-fe79-4706-a66a-91e0c5310558	GET	/api/v1/quiz	http://localhost:3000
20230724	19:19:32	d51ee3f8-0364-44b4-be29-8e9497d92b82	GET	/api/v1/quiz	http://localhost:3000
20230724	19:19:32	044e27b9-9b3d-49b6-b81a-ae1ec0b3e5a7	GET	/api/v1/quiz	http://localhost:3000
20230724	19:21:23	bbabd921-0bd6-4465-b86f-202c6915b88c	GET	/api/v1/quiz	http://localhost:3000
20230724	19:21:27	2f59a421-f655-4c3c-831d-84a53d711b22	GET	/api/v1/quiz	http://localhost:3000
20230724	19:21:28	1ac3eb8e-e897-4ec5-93e4-329d8da1accb	GET	/api/v1/quiz	http://localhost:3000
20230724	19:22:04	c364f1bd-b4a4-4c71-a78c-bb64d93a9556	GET	/api/v1/quiz	http://localhost:3000
20230724	20:03:39	e268f944-7c1f-4dc0-911f-547f62994667	GET	/api/v1/quiz	http://localhost:3000
20230724	20:03:41	4e4b0ada-3c19-4cd8-8d3d-98ffa368ab1d	GET	/api/v1/quiz	http://localhost:3000
20230724	20:03:46	cc6c7ad1-0360-4b02-96b3-784c1fdd25d2	GET	/api/v1/quiz	http://localhost:3000
20230724	20:03:46	69a5e6e0-6b85-48aa-aa9e-5db41387c46d	GET	/api/v1/quiz	http://localhost:3000
20230724	20:04:00	9144b7bd-2cd8-4180-bdeb-847c4c983e6f	GET	/api/v1/quiz	http://localhost:3000
20230724	20:04:00	166cf262-63a9-488b-9230-f2ccb1ec900f	GET	/api/v1/quiz	http://localhost:3000
20230724	20:06:06	b3436706-b981-4c0b-a482-b52b777a3c87	GET	/api/v1/quiz	http://localhost:3000
20230724	20:06:06	5930ecee-976c-4fc3-b6b9-c1eb930f0b00	GET	/api/v1/quiz	http://localhost:3000
20230724	20:06:18	ed0c91d8-65c7-4260-8e8b-990068f54871	GET	/api/vi	undefined
20230724	20:06:18	3bf93eea-c306-4794-bc0a-7a0c332544b0	GET	/api/css/style.css	undefined
20230724	20:06:19	b115f7bb-206d-416a-8981-dc12c58f1c7c	GET	/favicon.ico	undefined
20230724	20:22:38	c3d9ed85-de82-41e5-9e3f-cb215123315a	GET	/api/v1/quiz	http://localhost:3000
20230724	20:22:40	a2342e7a-aa64-4c6d-a224-f3e1a35d2589	GET	/api/v1/quiz	http://localhost:3000
20230724	20:31:16	9b92fc54-10d2-4d01-92cb-8902dd300852	OPTIONS	/api/v1/users	http://localhost:3000
20230724	20:31:16	16356f10-6cd3-4435-83cb-babaecfa57b6	POST	/api/v1/users	http://localhost:3000
20230724	20:32:26	d88750e7-e614-4982-8f50-a38cb750d249	OPTIONS	/api/v1/users	http://localhost:3000
20230724	20:32:26	7bea0509-e25e-4235-a302-0386a1792d28	POST	/api/v1/users	http://localhost:3000
20230724	20:34:28	6c3d4a7c-f562-4038-b2a4-4d0ea17789aa	OPTIONS	/api/v1/users	http://localhost:3000
20230724	20:34:28	90d8e578-7572-465e-80d2-0d24498f423f	POST	/api/v1/users	http://localhost:3000
20230724	20:35:16	794bddfc-9647-4cb6-a1c0-27e08c5c1e8d	OPTIONS	/api/v1/users	http://localhost:3000
20230724	20:35:16	58017f6c-e998-4910-8178-bbe3f3071ddf	POST	/api/v1/users	http://localhost:3000
20230724	20:43:32	37f1c9ef-3bb1-4994-b22e-1b2224364c56	OPTIONS	/api/v1/users	http://localhost:3000
20230724	20:43:32	618e0597-04f9-4ce1-b4ac-26a8de0daee1	POST	/api/v1/users	http://localhost:3000
20230724	20:44:20	1c514629-b477-424b-b701-5aeedd361df4	OPTIONS	/api/v1/users	http://localhost:3000
20230724	20:44:20	41057fb1-27b4-49c9-b72c-fc71a1407631	POST	/api/v1/users	http://localhost:3000
20230724	20:46:44	4337a6dd-0b2e-4772-b0ad-7d86fd5633e0	OPTIONS	/api/v1/auth	http://localhost:3000
20230724	20:46:44	b6d9f596-9366-4488-99c8-aefc21d663d9	POST	/api/v1/auth	http://localhost:3000
20230724	20:46:44	96fb6fce-4f68-418a-8419-780fc5e757d0	GET	/api/v1/quiz	http://localhost:3000
20230724	20:46:45	d9c53fd7-d602-409d-982f-3c4e07208a1e	GET	/api/v1/quiz	http://localhost:3000
20230724	20:47:43	af5b55d5-8dc5-4370-9e00-cf2d2821aa21	OPTIONS	/api/v1/auth	http://localhost:3000
20230724	20:47:43	353f1055-9df9-4d02-9087-30d182eb2894	POST	/api/v1/auth	http://localhost:3000
20230724	20:47:56	4836655f-4d4d-42e6-8a08-b44c6f23496d	OPTIONS	/api/v1/auth	http://localhost:3000
20230724	20:47:56	2cb44c8c-d4d8-43b4-9db8-5018bc33996a	POST	/api/v1/auth	http://localhost:3000
20230724	20:47:57	dad2fdf3-9895-40d3-86a7-4fc2dd7cbd03	GET	/api/v1/quiz	http://localhost:3000
20230724	20:47:57	0af6432b-112b-40ca-b526-457aebfc68eb	GET	/api/v1/quiz	http://localhost:3000
20230724	20:54:11	9068fa2e-c707-4e22-bd13-959e7dc657fa	GET	/api/v1/quiz	http://localhost:3000
20230724	20:54:11	572d943d-deab-4188-948a-7cb9a901d95d	GET	/api/v1/quiz	http://localhost:3000
20230724	20:54:18	438640bd-3c73-4074-85b2-1b08b09f4c4e	GET	/api/v1/quiz	http://localhost:3000
20230724	20:54:19	a00929f9-3c51-4d6d-a5de-58ef4465e052	GET	/api/v1/quiz	http://localhost:3000
20230724	20:54:23	9b813b75-b9c1-49a8-98ed-29f3dcd7b4a5	OPTIONS	/api/v1/auth	http://localhost:3000
20230724	20:54:23	45b3fae6-4b3d-42a3-a66b-c256a1253cc1	POST	/api/v1/auth	http://localhost:3000
20230724	20:54:26	8ecb3f56-668d-44cc-b315-af02eb6e8e12	POST	/api/v1/auth	http://localhost:3000
20230724	20:54:45	ca4d202c-ebe9-43c0-a911-48d5cc20066e	GET	/api/v1/quiz	http://localhost:3000
20230724	20:54:45	f36f9b28-118b-4eb5-88eb-64f4fa44161f	GET	/api/v1/quiz	http://localhost:3000
20230724	20:56:35	0f29764a-14ea-4a33-bc2f-eeee403ada7e	GET	/api/v1/quiz	http://localhost:3000
20230724	20:56:35	45a74474-5fed-44cb-a109-aec34c0d604c	GET	/api/v1/quiz	http://localhost:3000
20230724	20:59:31	37c4fbab-aca2-4c64-8677-0a72d56f267e	GET	/api/v1/quiz	http://localhost:3000
20230724	20:59:38	0abc6701-cf0f-4094-b461-5a05f06b488e	GET	/api/v1/quiz	http://localhost:3000
20230724	20:59:52	22384620-47d0-4e94-ac23-f551a88603b8	GET	/api/v1/quiz	http://localhost:3000
20230724	21:00:06	6dea31bd-b677-40bb-8a4f-6b422ff9ce57	GET	/api/v1/quiz	http://localhost:3000
20230724	21:01:46	462df401-586d-4233-ab77-51e6b8273866	GET	/api/v1/quiz	http://localhost:3000
20230724	21:01:46	d356419b-59e2-43bf-a86b-08a891ec737f	GET	/api/v1/quiz	http://localhost:3000
20230724	21:01:52	cdbed6e3-08c2-437c-b83c-e98fc0a7d30f	GET	/api/v1/quiz	http://localhost:3000
20230724	21:01:52	388bd2d6-cac5-4950-af5c-dc997e535a0a	GET	/api/v1/quiz	http://localhost:3000
20230724	21:02:50	92675d5a-f591-4f10-8422-ebc53bf8103a	GET	/api/v1/quiz	http://localhost:3000
20230724	21:02:50	4ed9f6ad-8acf-43a7-a07d-994deba47098	GET	/api/v1/quiz	http://localhost:3000
20230724	21:04:49	ec09ad6e-4002-42f6-b32e-4db1c61a1d5e	GET	/api/v1/quiz	http://localhost:3000
20230724	21:04:50	8c06057c-cd58-42b9-b7e0-ab09a6dd5a66	GET	/api/v1/quiz	http://localhost:3000
20230724	21:04:58	0c1e7bb5-7fd7-40cc-b2b4-a4ee2a2f90f4	OPTIONS	/api/v1/auth	http://localhost:3000
20230724	21:04:58	1bbe3faf-d390-4b8f-a602-2b117b0e9f3f	POST	/api/v1/auth	http://localhost:3000
20230724	21:05:00	a4f18b8e-021b-4a6b-af98-f137ed8b05c6	POST	/api/v1/auth	http://localhost:3000
20230724	21:05:03	b745c0d1-1c59-4064-939b-87078286c0e2	OPTIONS	/api/v1/auth	http://localhost:3000
20230724	21:05:03	44a2afb2-8780-4c33-98e8-2308bc5d5b3d	POST	/api/v1/auth	http://localhost:3000
20230724	21:05:06	7b8e279c-5652-4c12-9b9c-c08d718bebbf	POST	/api/v1/auth	http://localhost:3000
20230724	21:05:40	c277e775-68b2-4878-a747-3b0ed76ea430	OPTIONS	/api/v1/auth	http://localhost:3000
20230724	21:05:40	61320dc6-34a3-4a1f-828e-5ec08c114842	POST	/api/v1/auth	http://localhost:3000
20230724	21:06:44	041f2c3d-0619-48cf-98d6-0dd7b04440f8	OPTIONS	/api/v1/auth	http://localhost:3000
20230724	21:06:44	9d39597f-8300-4d7f-a4f6-bb2a45cd6327	POST	/api/v1/auth	http://localhost:3000
20230724	21:06:58	60c504eb-55de-47e9-baae-002df5691d17	OPTIONS	/api/v1/auth	http://localhost:3000
20230724	21:06:58	b771a0cd-9875-475e-8333-196de6c5ba26	POST	/api/v1/auth	http://localhost:3000
20230724	21:06:58	e5d05b9c-6df3-4b1e-aa6b-b4eb9d941361	GET	/api/v1/quiz	http://localhost:3000
20230724	21:06:58	7a418e14-3d55-4657-a6ae-5bcf4f7244a1	GET	/api/v1/quiz	http://localhost:3000
20230724	21:14:41	f6d73c3a-ec65-43e7-8040-9c341ef64204	OPTIONS	/api/v1/auth	http://localhost:3000
20230724	21:14:41	c1a805ca-18ef-4651-8ce0-985b4a3634ec	POST	/api/v1/auth	http://localhost:3000
20230724	21:14:41	15a00e72-dc0e-4a50-94af-78f27fb4a7c7	GET	/api/v1/quiz	http://localhost:3000
20230724	21:14:42	af2e6562-fac7-43c4-a3fd-2ce5c663454f	GET	/api/v1/quiz	http://localhost:3000
20230724	21:18:07	fd4c18e2-0d91-4b28-a05c-c71f1118c23a	OPTIONS	/api/v1/auth	http://localhost:3000
20230724	21:18:07	afa8c8a7-5aed-42ea-abc5-6e429bdae13d	POST	/api/v1/auth	http://localhost:3000
20230724	21:18:16	200824f7-7a0b-447a-9053-31e9b7a75a0b	OPTIONS	/api/v1/auth	http://localhost:3000
20230724	21:18:16	2e5a16df-dae7-4e84-9f59-5432cc802010	POST	/api/v1/auth	http://localhost:3000
20230724	21:19:33	1577708c-b71c-468d-b1d1-4ef206e7856a	OPTIONS	/api/v1/auth	http://localhost:3000
20230724	21:19:33	db237113-afcf-4546-8e10-1146a7db1a24	POST	/api/v1/auth	http://localhost:3000
20230724	21:19:48	351cf7c8-5d50-4e24-86d3-45f2555dd314	OPTIONS	/api/v1/auth	http://localhost:3000
20230724	21:19:48	d1c96ea6-41de-462d-bb6a-f19d1c211c28	POST	/api/v1/auth	http://localhost:3000
20230724	21:19:48	28c6e324-28e2-4fc2-8d20-67e9bc609860	GET	/api/v1/quiz	http://localhost:3000
20230724	21:19:48	8e07ecb6-85ae-438d-9d2f-ec20b115a29f	GET	/api/v1/quiz	http://localhost:3000
20230724	21:24:40	2565cc98-737f-4e1f-9e5f-c2a7a3d7d6e8	OPTIONS	/api/v1/auth	http://localhost:3000
20230724	21:24:40	28f7885e-1680-47d1-9476-20c2d9c41536	POST	/api/v1/auth	http://localhost:3000
20230724	21:24:48	24e8b882-1db0-435d-8fa9-5a725a01bf23	OPTIONS	/api/v1/auth	http://localhost:3000
20230724	21:24:48	ecf90a82-285d-4124-8b01-4721bd41dac4	POST	/api/v1/auth	http://localhost:3000
20230724	21:24:49	98ae1cac-b883-460b-b270-fb711185deab	GET	/api/v1/quiz	http://localhost:3000
20230724	21:24:49	14bf426e-7a61-488a-8cd3-440800152d29	GET	/api/v1/quiz	http://localhost:3000
20230724	21:25:53	327f27c6-1faf-423f-ae74-ebfe4efa7ea1	GET	/api/v1/quiz	http://localhost:3000
20230724	21:25:53	092e4ad9-21bc-4d0f-8d10-39660d6b7896	GET	/api/v1/quiz	http://localhost:3000
20230725	09:36:33	ecb2086e-b31d-4027-a58c-4bef116dc009	GET	/api/v1/quiz	http://localhost:3000
20230725	09:36:33	9954929c-e68c-4c9d-80be-a12850a77849	GET	/api/v1/quiz	http://localhost:3000
20230725	11:02:14	50867fe8-2ddd-4678-8740-89b30cdc1783	OPTIONS	/api/v1/auth	http://localhost:3000
20230725	11:02:14	5e237502-3887-488c-858b-781f0a49c9fa	POST	/api/v1/auth	http://localhost:3000
20230725	11:02:21	1aabb8e3-57f6-49e2-ba67-025fd4f740b6	OPTIONS	/api/v1/auth	http://localhost:3000
20230725	11:02:21	1906b23b-a102-4499-a9fa-6e1b3a7f3f48	POST	/api/v1/auth	http://localhost:3000
20230725	11:02:22	9af860f3-78dc-4a04-9525-14d9bdace944	GET	/api/v1/quiz	http://localhost:3000
20230725	11:02:22	2cb4ba4c-44ed-4d90-b32b-7ea483a1fd26	GET	/api/v1/quiz	http://localhost:3000
20230725	11:02:33	41391b7f-45c5-4e3b-9ece-843b06ba02a0	GET	/api/v1/quiz	http://localhost:3000
20230725	11:02:33	3db378c8-4b68-4b05-9bae-174f61af1355	GET	/api/v1/quiz	http://localhost:3000
20230725	11:02:40	ab4b5f73-4625-46cf-9083-f7104d5db79c	GET	/api/v1/quiz	http://localhost:3000
20230725	11:02:40	0e228a52-95de-4f03-8d48-55e87812f75b	GET	/api/v1/quiz	http://localhost:3000
